#! /opt/homebrew/Cellar/icarus-verilog/12.0/bin/vvp
:ivl_version "12.0 (stable)";
:ivl_delay_selection "TYPICAL";
:vpi_time_precision + 0;
:vpi_module "/opt/homebrew/Cellar/icarus-verilog/12.0/lib/ivl/system.vpi";
:vpi_module "/opt/homebrew/Cellar/icarus-verilog/12.0/lib/ivl/vhdl_sys.vpi";
:vpi_module "/opt/homebrew/Cellar/icarus-verilog/12.0/lib/ivl/vhdl_textio.vpi";
:vpi_module "/opt/homebrew/Cellar/icarus-verilog/12.0/lib/ivl/v2005_math.vpi";
:vpi_module "/opt/homebrew/Cellar/icarus-verilog/12.0/lib/ivl/va_math.vpi";
S_0x129804170 .scope module, "ALU" "ALU" 2 1;
 .timescale 0 0;
    .port_info 0 /INPUT 32 "A";
    .port_info 1 /INPUT 32 "B";
    .port_info 2 /INPUT 4 "ALUControl";
    .port_info 3 /OUTPUT 32 "Result";
    .port_info 4 /OUTPUT 1 "Zero";
o0x120008010 .functor BUFZ 32, C4<zzzzzzzzzzzzzzzzzzzzzzzzzzzzzzzz>; HiZ drive
v0x1298043f0_0 .net "A", 31 0, o0x120008010;  0 drivers
o0x120008040 .functor BUFZ 4, C4<zzzz>; HiZ drive
v0x1298144b0_0 .net "ALUControl", 3 0, o0x120008040;  0 drivers
o0x120008070 .functor BUFZ 32, C4<zzzzzzzzzzzzzzzzzzzzzzzzzzzzzzzz>; HiZ drive
v0x129814560_0 .net "B", 31 0, o0x120008070;  0 drivers
v0x129814620_0 .var "Result", 31 0;
v0x1298146d0_0 .net "Zero", 0 0, L_0x1298148e0;  1 drivers
L_0x120040010 .functor BUFT 1, C4<00000000000000000000000000000000>, C4<0>, C4<0>, C4<0>;
v0x1298147b0_0 .net/2u *"_ivl_0", 31 0, L_0x120040010;  1 drivers
E_0x1298043a0 .event anyedge, v0x1298144b0_0, v0x1298043f0_0, v0x129814560_0;
L_0x1298148e0 .cmp/eq 32, v0x129814620_0, L_0x120040010;
    .scope S_0x129804170;
T_0 ;
    %wait E_0x1298043a0;
    %load/vec4 v0x1298144b0_0;
    %dup/vec4;
    %pushi/vec4 2, 0, 4;
    %cmp/u;
    %jmp/1 T_0.0, 6;
    %dup/vec4;
    %pushi/vec4 6, 0, 4;
    %cmp/u;
    %jmp/1 T_0.1, 6;
    %jmp T_0.2;
T_0.0 ;
    %load/vec4 v0x1298043f0_0;
    %load/vec4 v0x129814560_0;
    %add;
    %store/vec4 v0x129814620_0, 0, 32;
    %jmp T_0.2;
T_0.1 ;
    %load/vec4 v0x1298043f0_0;
    %load/vec4 v0x129814560_0;
    %sub;
    %store/vec4 v0x129814620_0, 0, 32;
    %jmp T_0.2;
T_0.2 ;
    %pop/vec4 1;
    %jmp T_0;
    .thread T_0, $push;
# The file index is used to find the file name in the following table.
:file_names 3;
    "N/A";
    "<interactive>";
    "ALU.v";
